<?xml version="1.0" encoding="UTF-8"?>
<!-- Generated by org.testng.reporters.JUnitReportReporter -->
<testsuite hostname="9ON33D" failures="0" tests="3" name="Automation.Automation.TestNGBasics" time="0.013" errors="0" timestamp="2023-10-04T12:31:14 IST" skipped="0">
  <testcase classname="Automation.Automation.TestNGBasics" name="googleTitleTest" time="0.004"/>
  <testcase classname="Automation.Automation.TestNGBasics" name="searchTest" time="0.003"/>
  <testcase classname="Automation.Automation.TestNGBasics" name="googleLogoTest" time="0.006"/>
</testsuite> <!-- Automation.Automation.TestNGBasics -->
