<?xml version="1.0" encoding="UTF-8"?>
<!-- Generated by org.testng.reporters.JUnitReportReporter -->
<testsuite hostname="9ON33D" failures="0" tests="1" name="Automation.Automation.ExceptionTimeOutTest" time="0.009" errors="0" timestamp="2023-10-05T22:00:35 IST" skipped="0">
  <testcase classname="Automation.Automation.ExceptionTimeOutTest" name="test1" time="0.009"/>
</testsuite> <!-- Automation.Automation.ExceptionTimeOutTest -->
