<?xml version="1.0" encoding="UTF-8"?>
<!-- Generated by org.testng.reporters.JUnitReportReporter -->
<testsuite hostname="9ON33D" failures="0" tests="1" name="Automation.Automation.HalfEbdayTest" time="2.186" errors="0" timestamp="2023-10-06T09:46:19 IST" skipped="0">
  <testcase classname="Automation.Automation.HalfEbdayTest" name="halfEbdayRegPageTest" time="2.186"/>
</testsuite> <!-- Automation.Automation.HalfEbdayTest -->
