<?xml version="1.0" encoding="UTF-8"?>
<!-- Generated by org.testng.reporters.JUnitReportReporter -->
<testsuite hostname="9ON33D" failures="0" tests="10" name="Automation.Automation.InvocationCountTest" time="0.024" errors="0" timestamp="2023-10-05T11:25:03 IST" skipped="0">
  <testcase classname="Automation.Automation.InvocationCountTest" name="sum" time="0.003"/>
  <testcase classname="Automation.Automation.InvocationCountTest" name="sum" time="0.001"/>
  <testcase classname="Automation.Automation.InvocationCountTest" name="sum" time="0.001"/>
  <testcase classname="Automation.Automation.InvocationCountTest" name="sum" time="0.001"/>
  <testcase classname="Automation.Automation.InvocationCountTest" name="sum" time="0.001"/>
  <testcase classname="Automation.Automation.InvocationCountTest" name="sum" time="0.002"/>
  <testcase classname="Automation.Automation.InvocationCountTest" name="sum" time="0.001"/>
  <testcase classname="Automation.Automation.InvocationCountTest" name="sum" time="0.003"/>
  <testcase classname="Automation.Automation.InvocationCountTest" name="sum" time="0.009"/>
  <testcase classname="Automation.Automation.InvocationCountTest" name="sum" time="0.002"/>
</testsuite> <!-- Automation.Automation.InvocationCountTest -->
