<?xml version="1.0" encoding="UTF-8"?>
<!-- Generated by org.testng.reporters.JUnitReportReporter -->
<testsuite hostname="9ON33D" failures="0" tests="4" name="TakingScreenshot.TakingScreenshot" time="20.566" errors="0" timestamp="2024-03-11T13:24:12 IST" skipped="0">
  <testcase classname="TakingScreenshot.TakingScreenshot" name="StartBrowser" time="2.649"/>
  <testcase classname="TakingScreenshot.TakingScreenshot" name="verifyDimensionOfBrowser" time="2.855"/>
  <testcase classname="TakingScreenshot.TakingScreenshot" name="getScreenResolutionOfTheDevice" time="0.048"/>
  <testcase classname="TakingScreenshot.TakingScreenshot" name="captureScreenshots" time="15.014"/>
</testsuite> <!-- TakingScreenshot.TakingScreenshot -->
